Start testing: May 30 23:12 PDT
----------------------------------------------------------
1/1 Testing: bitfield_tests
1/1 Test: bitfield_tests
Command: "/home/scott/c/C_bit_field/build/tests"
Directory: /home/scott/c/C_bit_field/build
"bitfield_tests" start time: May 30 23:12 PDT
Output:
----------------------------------------------------------
[==========] Running 3 test(s).
[ RUN      ] bitfield_fnTest
[       OK ] bitfield_fnTest
[ RUN      ] bitfield_fnTestCreatePacket
[       OK ] bitfield_fnTestCreatePacket
[ RUN      ] bitfield_fnTestValidatePacket
[       OK ] bitfield_fnTestValidatePacket
[==========] 3 test(s) run.
[  PASSED  ] 3 test(s).
<end of output>
Test time =   0.00 sec
----------------------------------------------------------
Test Passed.
"bitfield_tests" end time: May 30 23:12 PDT
"bitfield_tests" time elapsed: 00:00:00
----------------------------------------------------------

End testing: May 30 23:12 PDT
